<?xml version="1.0" encoding="UTF-8"?>
<testsuite errors="0" failures="0" hostname="Chris-Hedleys-MacBook-Pro.local" name="net.cghsystems.something.random.ValidateableTest" tests="4" time="0.125" timestamp="2012-06-06T21:52:00">
  <properties />
  <testcase classname="net.cghsystems.something.random.ValidateableTest" name="shouldBeInvalidAsNoPropetiesSet" time="0.107" />
  <testcase classname="net.cghsystems.something.random.ValidateableTest" name="shouldBeInvalidAsOnePropetyIsNotSet" time="0.0020" />
  <testcase classname="net.cghsystems.something.random.ValidateableTest" name="shouldBeValidAsPropetiesSet" time="0.0020" />
  <testcase classname="net.cghsystems.something.random.ValidateableTest" name="shouldReturnBooleanForInValidState" time="0.0090" />
  <system-out><![CDATA[]]></system-out>
  <system-err><![CDATA[]]></system-err>
</testsuite>
